[18/04/2016 00:27:07] /a 20
[18/04/2016 00:27:10] /a 20
[18/04/2016 00:27:13] /a 20
[18/04/2016 00:27:15] /a 20
[18/04/2016 00:27:46] /ghost
[18/04/2016 00:28:22] /ghost
[18/04/2016 00:28:27] /a 1
[18/04/2016 00:28:28] /a 1
[18/04/2016 00:28:28] /a 1
[18/04/2016 00:34:40] /attr attack 1000
[18/04/2016 00:34:47] /attr attack 1000
[18/04/2016 00:34:48] /attr attack 1000
[18/04/2016 00:35:01] /attr attack 100
[18/04/2016 00:35:08] /attr attack 100
[18/04/2016 00:35:10] /attr attack 100
[18/04/2016 00:35:49] /m demon
[18/04/2016 00:36:00] /m demon
[18/04/2016 00:36:01] /m demon
[18/04/2016 00:36:01] /m demon
[18/04/2016 00:36:02] /m demon
[18/04/2016 00:36:02] /m demon
[18/04/2016 00:36:03] /m demon
[18/04/2016 00:36:03] /m demon
[18/04/2016 00:36:04] /m demon
[18/04/2016 00:36:32] /down
[18/04/2016 00:36:36] /a 3
[18/04/2016 00:36:39] /up
[18/04/2016 00:36:42] /a 1
[18/04/2016 00:38:16] /attr attack 1000
[18/04/2016 00:38:22] /attr attack 1000
[18/04/2016 00:38:36] /attr attack 50
[18/04/2016 00:38:45] /attr attack 10000
[18/04/2016 00:39:03] /attr defense 1000
[18/04/2016 00:48:26] /goto rufo
[18/04/2016 00:48:42] /goto rufo
[18/04/2016 00:49:48] /goto druid sample
[18/04/2016 00:49:56] /t
[18/04/2016 00:50:11] /c druid sample
[18/04/2016 00:50:20] /t druid sample
[18/04/2016 00:50:28] /t druid sample
[18/04/2016 00:50:41] /goto druid sample
[18/04/2016 00:50:48] /t
[18/04/2016 00:50:53] /c druid sample
[18/04/2016 00:51:07] /addskill lvl 10
[18/04/2016 00:51:34] /addskill druid sample, level, 30
[18/04/2016 00:51:37] /addskill druid sample, level, 30
[18/04/2016 00:54:13] /attr attack 100
[18/04/2016 00:55:37] /i solar axe
[18/04/2016 00:56:04] /attr attack 500
[18/04/2016 00:56:27] /attr attack 500
[18/04/2016 00:56:28] /attr attack 500
[18/04/2016 00:56:29] /attr attack 500
[18/04/2016 00:56:30] /attr attack 500
[18/04/2016 00:56:30] /attr attack 500
[18/04/2016 00:56:30] /attr attack 500
[18/04/2016 00:56:31] /attr attack 500
[18/04/2016 00:56:31] /attr attack 500
[18/04/2016 00:56:34] /attr attack 500
[18/04/2016 00:56:56] /attr attack 500
[18/04/2016 00:57:09] /i blessed shield
[18/04/2016 00:57:51] /i magic plate armor
[18/04/2016 00:58:56] /i dragon scale legs
[18/04/2016 00:59:13] /i dragon scale legs
[18/04/2016 01:07:12] /m demon
[18/04/2016 01:07:37] /i solar axe
[18/04/2016 01:07:54] /i magic plate armor
[18/04/2016 01:08:03] /i dragon scale legs
[18/04/2016 01:08:12] /i golden legs
[18/04/2016 01:08:23] /i blessed shield
[18/04/2016 01:09:43] /i golden helmet
[18/04/2016 01:10:34] /i Prismatic Boots
[18/04/2016 01:10:44] /i golden boots
[18/04/2016 01:16:43] /down
[18/04/2016 01:16:47] /goto chachin
[18/04/2016 01:17:27] /attr attack 1000
[18/04/2016 01:18:09] /i boots of heast
[18/04/2016 01:18:18] /i boots of heast
[18/04/2016 01:18:34] /m rotworm
[18/04/2016 01:18:36] /m rotworm
[18/04/2016 01:18:37] /m rotworm
[18/04/2016 01:19:11] /addskill chachin, lvl, 50
[18/04/2016 01:19:39] /addskill chachin, magic lvl, 50
[18/04/2016 01:19:50] /addskill chachin, magic lvl, 50
[18/04/2016 01:19:52] /addskill chachin, magic lvl, 50
[18/04/2016 01:20:17] /addskill rompe madres, lvl, 50
[18/04/2016 01:20:37] /i voodo wand
[18/04/2016 01:20:45] /i voodoo wand
[18/04/2016 01:21:33] /m dragon
[18/04/2016 01:22:53] /addskill lucifer, magic lvl, 200
[18/04/2016 01:23:00] /addskill lucifer, magic lvl, 20
[18/04/2016 01:23:01] /addskill lucifer, magic lvl, 20
[18/04/2016 01:23:02] /addskill lucifer, magic lvl, 20
[18/04/2016 01:23:02] /addskill lucifer, magic lvl, 20
[18/04/2016 01:23:03] /addskill lucifer, magic lvl, 20
[18/04/2016 01:23:03] /addskill lucifer, magic lvl, 20
[18/04/2016 01:23:04] /addskill lucifer, magic lvl, 20
[18/04/2016 01:23:05] /addskill lucifer, magic lvl, 20
[18/04/2016 01:23:05] /addskill lucifer, magic lvl, 20
[18/04/2016 01:23:06] /addskill lucifer, magic lvl, 20
[18/04/2016 01:23:19] /addskill lucifer, magic lvl, 20
[18/04/2016 01:23:24] /addskill lucifer, magic lvl, 25
[18/04/2016 01:23:27] /addskill lucifer, magic lvl, 5
[18/04/2016 01:23:29] /addskill lucifer, magic lvl, 5
[18/04/2016 01:23:30] /addskill lucifer, magic lvl, 5
[18/04/2016 01:23:30] /addskill lucifer, magic lvl, 5
[18/04/2016 01:23:34] /addskill lucifer, magic lvl, 1
[18/04/2016 01:23:36] /addskill lucifer, magic lvl, 1
[18/04/2016 01:23:37] /addskill lucifer, magic lvl, 1
[18/04/2016 01:23:39] /addskill lucifer, magic lvl, 1
[18/04/2016 01:23:39] /addskill lucifer, magic lvl, 1
[18/04/2016 01:23:40] /addskill lucifer, magic lvl, 1
[18/04/2016 01:23:44] /addskill lucifer, magic lvl, 50
[18/04/2016 01:23:49] /addskill lucifer, magic lvl, 500
[18/04/2016 01:23:55] /addskill lucifer, magic lvl, 50
[18/04/2016 01:25:03] /kick
[18/04/2016 01:25:08] /kick
[18/04/2016 01:25:22] /kick
[18/04/2016 01:25:31] /kick rompe madres
[18/04/2016 01:26:03] /m rat
[18/04/2016 01:26:19] /i suddent death
[18/04/2016 01:26:32] /i suddent death rune
[18/04/2016 01:26:35] /i suddent death runes
[18/04/2016 01:26:41] /i 50suddent death runes
[18/04/2016 01:27:21] /i sudden death rune
[18/04/2016 01:27:42] /m morgaroth
[18/04/2016 01:28:47] /r
[18/04/2016 01:28:48] /r
[18/04/2016 01:28:49] /r
[18/04/2016 01:28:52] /r
[18/04/2016 01:28:59] /r
[18/04/2016 01:29:00] /r
[18/04/2016 01:29:01] /r
[18/04/2016 01:29:04] /r
[18/04/2016 01:29:17] /m demon
[18/04/2016 01:30:52] /i solar axe
[18/04/2016 01:31:00] /i blessed shield
[18/04/2016 01:31:11] /i magic plate armor
[18/04/2016 01:31:21] /i yellow backpack
[18/04/2016 01:31:37] /i ultimate healing rune
[18/04/2016 01:31:40] /i ultimate healing rune
[18/04/2016 01:31:40] /i ultimate healing rune
[18/04/2016 01:31:41] /i ultimate healing rune
[18/04/2016 01:31:41] /i ultimate healing rune
[18/04/2016 01:32:17] /i heavy mana potion
[18/04/2016 01:32:21] /i heavy mana potions
[18/04/2016 01:32:34] /i strong mana potion
[18/04/2016 01:32:36] /i strong mana potion
[18/04/2016 01:32:37] /i strong mana potion
[18/04/2016 01:32:37] /i strong mana potion
[18/04/2016 01:32:38] /i strong mana potion
[18/04/2016 01:33:01] /i golden legs
[18/04/2016 01:33:07] /i golden boots
[18/04/2016 01:33:19] /i golden helmet
[18/04/2016 01:33:36] /r
[18/04/2016 01:33:37] /r
[18/04/2016 01:33:38] /r
[18/04/2016 01:33:38] /r
[18/04/2016 01:33:39] /r
[18/04/2016 01:33:40] /r
[18/04/2016 01:33:40] /r
[18/04/2016 01:34:09] /r
[18/04/2016 01:34:11] /r
[18/04/2016 01:34:11] /r
[18/04/2016 01:34:12] /r
[18/04/2016 01:35:00] /i demond backpack
[18/04/2016 01:35:10] /i red backpack
[18/04/2016 01:35:52] /addskill abaddon, lvl 50
[18/04/2016 01:36:11] /m rat
[18/04/2016 01:36:18] /m rotworm
[18/04/2016 01:40:45] /a 4
[18/04/2016 01:40:48] /a 5
[18/04/2016 01:40:52] /down
[18/04/2016 01:40:55] /a 4
[18/04/2016 01:41:04] /m rat
[18/04/2016 01:41:08] /m rat
[18/04/2016 01:41:11] /m rat
[18/04/2016 01:41:15] /m rat
[18/04/2016 01:41:18] /m rat
[18/04/2016 01:41:22] /m rat
[18/04/2016 01:41:24] /m rat
[18/04/2016 01:41:47] /r
[18/04/2016 01:41:49] /r
[18/04/2016 01:43:23] /addskill leviatan, lvl, 50
[18/04/2016 01:43:59] /addskill leviatan, axe fighting, 150
[18/04/2016 01:44:52] /addskill leviatan, axe, 150
[18/04/2016 01:45:04] /addskill leviatan, defense, 200
[18/04/2016 01:45:20] /addskill leviatan, magic lvl, 50
[18/04/2016 01:45:36] /i amulet of loss
[18/04/2016 01:45:37] /i amulet of loss
[18/04/2016 01:45:38] /i amulet of loss
[18/04/2016 01:45:38] /i amulet of loss
[18/04/2016 01:45:39] /i amulet of loss
[18/04/2016 01:45:54] /i amulet of loss
[18/04/2016 01:45:55] /i amulet of loss
[18/04/2016 01:45:55] /i amulet of loss
[18/04/2016 01:45:56] /i amulet of loss
[18/04/2016 01:45:56] /i amulet of loss
[18/04/2016 01:45:57] /i amulet of loss
[18/04/2016 01:45:57] /i amulet of loss
[18/04/2016 01:48:32] /i strong heal potion
[18/04/2016 01:48:49] /i yellow backpack
[18/04/2016 01:48:59] /i strong health potion
[18/04/2016 01:49:01] /i strong health potion
[18/04/2016 01:49:02] /i strong health potion
[18/04/2016 01:49:02] /i strong health potion
[18/04/2016 01:49:03] /i strong health potion
[18/04/2016 01:49:03] /i strong health potion
[18/04/2016 01:49:04] /i strong health potion
[18/04/2016 01:49:13] /i strong health potion
[18/04/2016 01:49:14] /i strong health potion
[18/04/2016 01:56:26] /goto leviatan
[18/04/2016 01:56:32] /a 1
[18/04/2016 01:56:52] /addskill leviatan. lvl, 70
[18/04/2016 01:57:34] /m rat
[18/04/2016 01:58:18] /addskill leviatan, lvl, 70
[18/04/2016 01:58:36] /addskill leviatan,lvl, 2
[18/04/2016 01:58:44] /addskill leviatan,axe,50
[18/04/2016 01:58:46] /addskill leviatan,axe,50
[18/04/2016 01:58:46] /addskill leviatan,axe,50
[18/04/2016 13:49:34] /m rat
[18/04/2016 13:49:35] /m rat
[18/04/2016 13:49:35] /m rat
[18/04/2016 13:49:36] /m rat
[18/04/2016 13:49:36] /m rat
[18/04/2016 13:49:37] /m rat
[18/04/2016 13:49:37] /m rat
[18/04/2016 13:50:25] /a 3
[18/04/2016 13:53:07] /m rotworms
[18/04/2016 13:53:11] /m rotworm
[18/04/2016 13:53:47] /m rotworm
[18/04/2016 13:53:48] /m rotworm
[18/04/2016 13:53:49] /m rotworm
[18/04/2016 13:53:49] /m rotworm
[18/04/2016 13:55:46] /m rotworm
[18/04/2016 13:55:48] /m rotworm
[18/04/2016 13:55:48] /m rotworm
[18/04/2016 13:56:47] /up
[18/04/2016 13:56:55] /up
[18/04/2016 13:56:57] /up
[18/04/2016 13:57:01] /a 4
[18/04/2016 13:57:04] /down
[18/04/2016 13:57:05] /a 4
[18/04/2016 13:57:42] /m rotworm
[18/04/2016 13:57:43] /m rotworm
[18/04/2016 13:57:44] /m rotworm
[18/04/2016 13:57:44] /m rotworm
[18/04/2016 13:57:44] /m rotworm
[18/04/2016 13:57:44] /m rotworm
[18/04/2016 13:57:44] /m rotworm
[18/04/2016 13:57:44] /m rotworm
[18/04/2016 13:57:44] /m rotworm
[18/04/2016 13:57:44] /m rotworm
[18/04/2016 13:57:44] /m rotworm
[18/04/2016 13:57:44] /m rotworm
[18/04/2016 13:57:44] /m rotworm
[18/04/2016 13:57:44] /m rotworm
[18/04/2016 13:57:44] /m rotworm
[18/04/2016 13:57:44] /m rotworm
[18/04/2016 13:57:44] /m rotworm
[18/04/2016 13:57:44] /m rotworm
[18/04/2016 13:57:44] /m rotworm
[18/04/2016 13:57:44] /m rotworm
[18/04/2016 13:57:44] /m rotworm
[18/04/2016 13:57:44] /m rotworm
[18/04/2016 13:57:44] /m rotworm
[18/04/2016 13:57:44] /m rotworm
[18/04/2016 13:57:44] /m rotworm
[18/04/2016 13:57:44] /m rotworm
[18/04/2016 13:57:44] /m rotworm
[18/04/2016 13:57:44] /m rotworm
[18/04/2016 13:57:46] /m rotworm
[18/04/2016 13:57:46] /m rotworm
[18/04/2016 13:57:46] /m rotworm
[18/04/2016 13:57:47] /m rotworm
[18/04/2016 13:57:47] /m rotworm
[18/04/2016 13:57:47] /m rotworm
[18/04/2016 13:57:47] /m rotworm
[18/04/2016 13:57:47] /m rotworm
[18/04/2016 13:57:47] /m rotworm
[18/04/2016 13:57:47] /m rotworm
[18/04/2016 13:57:47] /m rotworm
[18/04/2016 13:57:47] /m rotworm
[18/04/2016 13:57:47] /m rotworm
[18/04/2016 13:57:47] /m rotworm
[18/04/2016 13:57:47] /m rotworm
[18/04/2016 13:57:47] /m rotworm
[18/04/2016 13:57:47] /m rotworm
[18/04/2016 13:57:47] /m rotworm
[18/04/2016 13:57:47] /m rotworm
[18/04/2016 13:57:47] /m rotworm
[18/04/2016 13:57:47] /m rotworm
[18/04/2016 13:57:47] /m rotworm
[18/04/2016 13:57:47] /m rotworm
[18/04/2016 13:57:47] /m rotworm
[18/04/2016 13:57:47] /m rotworm
[18/04/2016 13:57:47] /m rotworm
[18/04/2016 13:57:47] /m rotworm
[18/04/2016 13:57:47] /m rotworm
[18/04/2016 13:57:47] /m rotworm
[18/04/2016 13:57:47] /m rotworm
[18/04/2016 13:57:47] /m rotworm
[18/04/2016 13:58:45] /r
[18/04/2016 13:58:46] /r
[18/04/2016 13:58:46] /r
[18/04/2016 13:58:48] /r
[18/04/2016 13:58:48] /r
[18/04/2016 13:58:48] /r
[18/04/2016 13:58:49] /r
[18/04/2016 13:58:49] /r
[18/04/2016 13:58:50] /r
[18/04/2016 13:58:50] /r
[18/04/2016 13:58:51] /r
[18/04/2016 13:58:52] /r
[18/04/2016 13:58:53] /r
[18/04/2016 13:58:53] /r
[18/04/2016 13:58:55] /r
[18/04/2016 13:58:55] /r
[18/04/2016 13:58:55] /r
[18/04/2016 13:58:56] /r
[18/04/2016 13:58:56] /r
[18/04/2016 13:58:56] /r
[18/04/2016 13:58:56] /r
[18/04/2016 13:58:57] /r
[18/04/2016 13:58:57] /r
[18/04/2016 13:58:59] /r
[18/04/2016 13:58:59] /r
[18/04/2016 13:59:00] /r
[18/04/2016 13:59:06] /r
[18/04/2016 13:59:09] /r
[18/04/2016 13:59:11] /r
[18/04/2016 13:59:12] /r
[18/04/2016 13:59:13] /r
[18/04/2016 13:59:15] /r
[18/04/2016 13:59:17] /r
[18/04/2016 13:59:19] /r
[18/04/2016 13:59:21] /r
[18/04/2016 13:59:23] /r
[18/04/2016 13:59:25] /r
[18/04/2016 13:59:31] /r
[18/04/2016 13:59:32] /r
[18/04/2016 13:59:33] /r
[18/04/2016 13:59:34] /r
[18/04/2016 13:59:35] /r
[18/04/2016 13:59:37] /r
[18/04/2016 13:59:38] /r
[18/04/2016 13:59:40] /r
[18/04/2016 13:59:42] /r
[18/04/2016 13:59:44] /r
[18/04/2016 13:59:46] /r
[18/04/2016 13:59:49] /r
[18/04/2016 13:59:50] /r
[18/04/2016 13:59:52] /r
[18/04/2016 13:59:53] /r
[18/04/2016 14:00:04] /r
[18/04/2016 14:00:04] /r
[18/04/2016 14:00:06] /r
[18/04/2016 14:00:07] /r
[18/04/2016 14:00:08] /r
[18/04/2016 14:00:13] /r
[18/04/2016 14:00:37] /r
[18/04/2016 14:00:58] /r
[18/04/2016 14:07:13] /goto leviatan
[18/04/2016 14:07:27] /addskill leviatan, shield, 150
[18/04/2016 14:07:33] /addskill leviatan, shield, 150
[18/04/2016 14:07:37] /addskill leviatan, shield, 15
[18/04/2016 14:07:43] /addskill leviatan, shielding, 150
[18/04/2016 14:07:58] /addskill leviatan, magic lvl, 20
[18/04/2016 14:08:00] /addskill leviatan, magic lvl, 20
[18/04/2016 14:08:01] /addskill leviatan, magic lvl, 20
[18/04/2016 14:08:01] /addskill leviatan, magic lvl, 20
[18/04/2016 14:08:07] /addskill leviatan, axe, 5
[18/04/2016 14:08:08] /addskill leviatan, axe, 5
[18/04/2016 14:08:08] /addskill leviatan, axe, 5
[18/04/2016 14:08:11] /addskill leviatan, axe, 5
[18/04/2016 14:08:13] /addskill leviatan, axe, 5
[18/04/2016 14:08:29] /i ultimate healing potion
[18/04/2016 14:08:34] /i ultimate health potion
[18/04/2016 14:08:45] /i ultimate healing potion
[18/04/2016 14:08:47] /i ultimate health potion
[18/04/2016 14:08:48] /i ultimate health potion
[18/04/2016 14:08:48] /i ultimate health potion
[18/04/2016 14:08:49] /i ultimate health potion
[18/04/2016 14:09:06] /r
