[18/04/2016 00:13:51] /a 5
[18/04/2016 00:19:47] /i 2160 100
[18/04/2016 00:19:54] /i crystal coin
[18/04/2016 00:25:06] /goto lucifer
[18/04/2016 00:26:29] /promote lucifer
[18/04/2016 00:26:31] /promote lucifer
[18/04/2016 00:26:31] /promote lucifer
[18/04/2016 00:26:32] /promote lucifer
[18/04/2016 00:26:33] /promote lucifer
[18/04/2016 00:26:37] /goto luci
[18/04/2016 00:26:40] /goto luci~
[18/04/2016 00:26:46] /kick lucifer
[18/04/2016 00:26:58] /up
[18/04/2016 00:35:22] /goto lucifer
[18/04/2016 00:39:05] /t
[18/04/2016 00:40:31] /goto lucifer
[18/04/2016 00:42:14] /r
[18/04/2016 00:42:16] /r
[18/04/2016 00:42:16] /r
[18/04/2016 00:42:17] /r
[18/04/2016 00:42:18] /r
[18/04/2016 00:42:19] /r
[18/04/2016 00:42:20] /r
[18/04/2016 00:42:21] /r
[18/04/2016 00:46:50] /t
[18/04/2016 01:07:09] /reload config
[18/04/2016 01:07:21] /kick account manager
[18/04/2016 01:07:25] /r
[18/04/2016 01:16:24] /goto lucifer
[18/04/2016 01:16:27] /promote lucifer
[18/04/2016 01:16:28] /promote lucifer
[18/04/2016 01:16:29] /promote lucifer
[18/04/2016 01:16:29] /promote lucifer
[18/04/2016 01:16:31] /promote lucifer
[18/04/2016 01:25:37] /a 5
[18/04/2016 01:25:37] /a 5
[18/04/2016 01:25:38] /a 5
[18/04/2016 01:25:38] /a 5
[18/04/2016 01:25:39] /a 5
[18/04/2016 01:25:39] /a 5
[18/04/2016 01:25:40] /a 5
[18/04/2016 01:25:40] /a 5
[18/04/2016 01:25:41] /a 5
[18/04/2016 01:26:09] /goto dragon
[18/04/2016 01:26:21] /addskill rufo magic level, 50
[18/04/2016 01:26:27] /addskill rufo, magic level, 50
[18/04/2016 01:26:54] /i 5920
[18/04/2016 01:26:58] /i 2409
[18/04/2016 01:27:04] /i 2413
[18/04/2016 01:27:08] /i 2177
[18/04/2016 01:27:12] /i 2145
[18/04/2016 01:27:22] /i 2145
[18/04/2016 01:27:23] /i 2145
[18/04/2016 01:27:44] /i bag
[18/04/2016 01:27:58] /i 2409
[18/04/2016 01:28:02] /i 2413
[18/04/2016 01:28:07] /i 2477
[18/04/2016 01:28:15] /i 2177
[18/04/2016 01:29:06] /t
[18/04/2016 01:29:36] /r
[18/04/2016 01:33:55] /r
[18/04/2016 01:34:16] /r
[18/04/2016 20:58:09] /a 25
[18/04/2016 20:58:11] /a 25
[18/04/2016 20:58:11] /a 25
[18/04/2016 20:58:12] /a 25
[18/04/2016 20:58:13] /up
[18/04/2016 20:58:14] /up
[18/04/2016 20:58:14] /up
[18/04/2016 20:58:22] /r
[18/04/2016 20:58:25] /i life crystal
[18/04/2016 21:20:03] /down
[18/04/2016 21:20:04] /down
[18/04/2016 21:20:05] /r
[18/04/2016 21:20:05] /r
[18/04/2016 21:20:06] /a 2
[18/04/2016 21:20:07] /a 2
[18/04/2016 21:20:07] /a 2
[18/04/2016 21:20:07] /a 2
[18/04/2016 21:20:09] /up
[18/04/2016 21:20:12] /r
[19/04/2016 15:44:29] /t
[19/04/2016 15:44:31] /a 50
[19/04/2016 15:44:49] /a 25
[19/04/2016 15:44:55] /a 25
[19/04/2016 15:45:01] /a 25
[19/04/2016 15:45:02] /a 25
[19/04/2016 15:45:04] /a 25
[19/04/2016 15:45:09] /a 3
[19/04/2016 15:45:17] /a 5
